{
  "stats": {
    "suites": 1,
    "tests": 2,
    "passes": 2,
    "pending": 0,
    "failures": 0,
    "start": "2023-02-06T06:16:14.226Z",
    "end": "2023-02-06T06:16:16.791Z",
    "duration": 2565,
    "testsRegistered": 2,
    "passPercent": 100,
    "pendingPercent": 0,
    "other": 0,
    "hasOther": false,
    "skipped": 0,
    "hasSkipped": false
  },
  "results": [
    {
      "uuid": "72b3539c-e0ef-492d-8ccf-3e4ec87b0c7c",
      "title": "",
      "fullFile": "C:\\Users\\kiran\\super-api-tests\\test\\transaction.js",
      "file": "\\test\\transaction.js",
      "beforeHooks": [],
      "afterHooks": [],
      "tests": [],
      "suites": [
        {
          "uuid": "aed68d2e-2829-4a96-b206-7c59fb858502",
          "title": "Transaction",
          "fullFile": "C:\\Users\\kiran\\super-api-tests\\test\\transaction.js",
          "file": "\\test\\transaction.js",
          "beforeHooks": [],
          "afterHooks": [],
          "tests": [
            {
              "title": "POST/transaction",
              "fullTitle": "Transaction POST/transaction",
              "timedOut": false,
              "duration": 1526,
              "state": "passed",
              "speed": "slow",
              "pass": true,
              "fail": false,
              "pending": false,
              "context": null,
              "code": "var data = {\n  \"coin1\": \"INR\",\n  \"coin2\": \"USDT\",\n  \"coin1Amount\": 332,\n  \"coin2Amount\": 4\n};\nreturn request.post('/transaction').set('Accept', 'application/json').set('Content-Type', 'application/json').send(data).then(function (res) {\n  console.log('printing data which we have inserted ............by post route');\n  console.log(res.body);\n  po_id = res.body.id; //assign id value to po_id variable\n  console.log(po_id); //optional to validate getting id\n  console.log('validating data inserted.............');\n  (0, _chai.expect)(res.body).to.not.be.empty;\n  console.log('validating inserted data as same as we wanted ..............');\n  (0, _chai.expect)(res.body.sentCoin).to.eq(data.coin1);\n  (0, _chai.expect)(res.body.receivedCoin).to.eq(data.coin2);\n  (0, _chai.expect)(res.body.sentCoinAmount).to.eq(data.coin1Amount);\n  (0, _chai.expect)(res.body.receivedCoinAmount).to.eq(data.coin2Amount);\n  //expect(res.body).to.deep.include(data);\n  console.log('validation 1st tc is successful.................');\n});",
              "err": {},
              "uuid": "4249b951-4cb1-4d9c-b1e3-d42bbd62a10c",
              "parentUUID": "aed68d2e-2829-4a96-b206-7c59fb858502",
              "isHook": false,
              "skipped": false
            },
            {
              "title": "GET/transaction/:id",
              "fullTitle": "Transaction GET/transaction/:id",
              "timedOut": false,
              "duration": 1032,
              "state": "passed",
              "speed": "slow",
              "pass": true,
              "fail": false,
              "pending": false,
              "context": null,
              "code": "var url = '/transaction/' + po_id;\nconsole.log('validating 1st id value is passing to second.........');\nconsole.log(po_id);\nreturn request.get(url).then(function (res) {\n  console.log('printing the data ............................by get method');\n  console.log(res.body);\n  console.log('sentCoinAmount divided by receivedCoinAmount.....................');\n  var SEND_COIN_AMOUNT = res.body.sentCoinAmount;\n  var RECIEVE_COIN_AMOUNT = res.body.receivedCoinAmount;\n  var FINAL_result = SEND_COIN_AMOUNT / RECIEVE_COIN_AMOUNT;\n  console.log('printing the result ............');\n  console.log(FINAL_result);\n  console.log('validating receivedCoinMarketPrice is equal to sentCoinAmount divided by receivedCoinAmount ...');\n  (0, _chai.expect)(res.body.receivedCoinMarketPrice).to.be.eq(FINAL_result);\n  console.log('validating get id is equal to post id are equal ...........');\n  (0, _chai.expect)(res.body.id).to.be.eq(po_id);\n  console.log(res.body.id);\n  console.log('excution is comleted ..................................');\n});",
              "err": {},
              "uuid": "b8f81b8d-131a-4e68-8045-e97ff53a6dfe",
              "parentUUID": "aed68d2e-2829-4a96-b206-7c59fb858502",
              "isHook": false,
              "skipped": false
            }
          ],
          "suites": [],
          "passes": [
            "4249b951-4cb1-4d9c-b1e3-d42bbd62a10c",
            "b8f81b8d-131a-4e68-8045-e97ff53a6dfe"
          ],
          "failures": [],
          "pending": [],
          "skipped": [],
          "duration": 2558,
          "root": false,
          "rootEmpty": false,
          "_timeout": 5000
        }
      ],
      "passes": [],
      "failures": [],
      "pending": [],
      "skipped": [],
      "duration": 0,
      "root": true,
      "rootEmpty": true,
      "_timeout": 5000
    }
  ],
  "meta": {
    "mocha": {
      "version": "10.2.0"
    },
    "mochawesome": {
      "options": {
        "quiet": false,
        "reportFilename": "mochawesome",
        "saveHtml": true,
        "saveJson": true,
        "consoleReporter": "spec",
        "useInlineDiffs": false,
        "code": true
      },
      "version": "7.1.3"
    },
    "marge": {
      "options": null,
      "version": "6.2.0"
    }
  }
}